This is pdfTeX, Version 3.141592653-2.6-1.40.22 (TeX Live 2022/dev/Debian) (preloaded format=pdflatex 2023.4.15)  15 APR 2023 21:40
entering extended mode
 restricted \write18 enabled.
 %&-line parsing enabled.
**Thesis.tex
(./Thesis.tex
LaTeX2e <2021-11-15> patch level 1
L3 programming layer <2022-01-21> (./Configuration_Files/PoliMi3i_thesis.cls
Document Class: Configuration_Files/PoliMi3i_thesis 2021/6/30 PoliMi3i thesis s
ubmission class
(/usr/share/texlive/texmf-dist/tex/latex/base/book.cls
Document Class: book 2021/10/04 v1.4n Standard LaTeX document class
(/usr/share/texlive/texmf-dist/tex/latex/base/bk12.clo
File: bk12.clo 2021/10/04 v1.4n Standard LaTeX file (size option)
)
\c@part=\count185
\c@chapter=\count186
\c@section=\count187
\c@subsection=\count188
\c@subsubsection=\count189
\c@paragraph=\count190
\c@subparagraph=\count191
\c@figure=\count192
\c@table=\count193
\abovecaptionskip=\skip47
\belowcaptionskip=\skip48
\bibindent=\dimen138
)
(/usr/share/texlive/texmf-dist/tex/latex/geometry/geometry.sty
Package: geometry 2020/01/02 v5.9 Page Geometry

(/usr/share/texlive/texmf-dist/tex/latex/graphics/keyval.sty
Package: keyval 2014/10/28 v1.15 key=value parser (DPC)
\KV@toks@=\toks16
)
(/usr/share/texlive/texmf-dist/tex/generic/iftex/ifvtex.sty
Package: ifvtex 2019/10/25 v1.7 ifvtex legacy package. Use iftex instead.

(/usr/share/texlive/texmf-dist/tex/generic/iftex/iftex.sty
Package: iftex 2020/03/06 v1.0d TeX engine tests
))
\Gm@cnth=\count194
\Gm@cntv=\count195
\c@Gm@tempcnt=\count196
\Gm@bindingoffset=\dimen139
\Gm@wd@mp=\dimen140
\Gm@odd@mp=\dimen141
\Gm@even@mp=\dimen142
\Gm@layoutwidth=\dimen143
\Gm@layoutheight=\dimen144
\Gm@layouthoffset=\dimen145
\Gm@layoutvoffset=\dimen146
\Gm@dimlist=\toks17
)
(/usr/share/texlive/texmf-dist/tex/latex/caption/caption.sty
Package: caption 2020/10/26 v3.5g Customizing captions (AR)

(/usr/share/texlive/texmf-dist/tex/latex/caption/caption3.sty
Package: caption3 2020/10/21 v2.2e caption3 kernel (AR)
\captionmargin=\dimen147
\captionmargin@=\dimen148
\captionwidth=\dimen149
\caption@tempdima=\dimen150
\caption@indent=\dimen151
\caption@parindent=\dimen152
\caption@hangindent=\dimen153
Package caption Info: Standard document class detected.
)
\c@caption@flags=\count197
\c@continuedfloat=\count198
)
(/usr/share/texlive/texmf-dist/tex/latex/xkeyval/xkeyval.sty
Package: xkeyval 2020/11/20 v2.8 package option processing (HA)

(/usr/share/texlive/texmf-dist/tex/generic/xkeyval/xkeyval.tex
(/usr/share/texlive/texmf-dist/tex/generic/xkeyval/xkvutils.tex
\XKV@toks=\toks18
\XKV@tempa@toks=\toks19
)
\XKV@depth=\count199
File: xkeyval.tex 2014/12/03 v2.7a key=value parser (HA)
)))
(/usr/share/texlive/texmf-dist/tex/latex/parskip/parskip.sty
Package: parskip 2021-03-14 v2.0h non-zero parskip adjustments

(/usr/share/texlive/texmf-dist/tex/latex/kvoptions/kvoptions.sty
Package: kvoptions 2020-10-07 v3.14 Key value format for package options (HO)

(/usr/share/texlive/texmf-dist/tex/generic/ltxcmds/ltxcmds.sty
Package: ltxcmds 2020-05-10 v1.25 LaTeX kernel commands for general use (HO)
)
(/usr/share/texlive/texmf-dist/tex/generic/kvsetkeys/kvsetkeys.sty
Package: kvsetkeys 2019/12/15 v1.18 Key value parser (HO)
))
(/usr/share/texlive/texmf-dist/tex/latex/etoolbox/etoolbox.sty
Package: etoolbox 2020/10/05 v2.5k e-TeX tools for LaTeX (JAW)
\etb@tempcnta=\count266
))
(/usr/share/texlive/texmf-dist/tex/latex/setspace/setspace.sty
Package: setspace 2011/12/19 v6.7a set line spacing
)
(/usr/share/texlive/texmf-dist/tex/latex/emptypage/emptypage.sty
Package: emptypage 2010/05/30 v1.2 Suppress page numbers and headings on empty 
pages
)
(/usr/share/texlive/texmf-dist/tex/latex/tools/multicol.sty
Package: multicol 2021/10/28 v1.9b multicolumn formatting (FMi)
\c@tracingmulticols=\count267
\mult@box=\box50
\multicol@leftmargin=\dimen154
\c@unbalance=\count268
\c@collectmore=\count269
\doublecol@number=\count270
\multicoltolerance=\count271
\multicolpretolerance=\count272
\full@width=\dimen155
\page@free=\dimen156
\premulticols=\dimen157
\postmulticols=\dimen158
\multicolsep=\skip49
\multicolbaselineskip=\skip50
\partial@page=\box51
\last@line=\box52
\maxbalancingoverflow=\dimen159
\mult@rightbox=\box53
\mult@grightbox=\box54
\mult@firstbox=\box55
\mult@gfirstbox=\box56
\@tempa=\box57
\@tempa=\box58
\@tempa=\box59
\@tempa=\box60
\@tempa=\box61
\@tempa=\box62
\@tempa=\box63
\@tempa=\box64
\@tempa=\box65
\@tempa=\box66
\@tempa=\box67
\@tempa=\box68
\@tempa=\box69
\@tempa=\box70
\@tempa=\box71
\@tempa=\box72
\@tempa=\box73
\@tempa=\box74
\@tempa=\box75
\@tempa=\box76
\@tempa=\box77
\@tempa=\box78
\@tempa=\box79
\@tempa=\box80
\@tempa=\box81
\@tempa=\box82
\@tempa=\box83
\@tempa=\box84
\@tempa=\box85
\@tempa=\box86
\@tempa=\box87
\@tempa=\box88
\@tempa=\box89
\@tempa=\box90
\@tempa=\box91
\@tempa=\box92
\c@minrows=\count273
\c@columnbadness=\count274
\c@finalcolumnbadness=\count275
\last@try=\dimen160
\multicolovershoot=\dimen161
\multicolundershoot=\dimen162
\mult@nat@firstbox=\box93
\colbreak@box=\box94
\mc@col@check@num=\count276
)
(/usr/share/texlive/texmf-dist/tex/latex/titlesec/titlesec.sty
Package: titlesec 2021/07/05 v2.14 Sectioning titles
\ttl@box=\box95
\beforetitleunit=\skip51
\aftertitleunit=\skip52
\ttl@plus=\dimen163
\ttl@minus=\dimen164
\ttl@toksa=\toks20
\titlewidth=\dimen165
\titlewidthlast=\dimen166
\titlewidthfirst=\dimen167
)
(/usr/share/texlive/texmf-dist/tex/latex/graphics/color.sty
Package: color 2021/12/07 v1.3c Standard LaTeX Color (DPC)

(/usr/share/texlive/texmf-dist/tex/latex/graphics-cfg/color.cfg
File: color.cfg 2016/01/02 v1.6 sample color configuration
)
Package color Info: Driver file: pdftex.def on input line 149.

(/usr/share/texlive/texmf-dist/tex/latex/graphics-def/pdftex.def
File: pdftex.def 2020/10/05 v1.2a Graphics/color driver for pdftex
))
(/usr/share/texlive/texmf-dist/tex/generic/babel/babel.sty
Package: babel 2022/01/26 3.70 The Babel package
\babel@savecnt=\count277
\U@D=\dimen168
\l@unhyphenated=\language9

(/usr/share/texlive/texmf-dist/tex/generic/babel/txtbabel.def)
\bbl@readstream=\read2
\bbl@dirlevel=\count278

(/usr/share/texlive/texmf-dist/tex/generic/babel-english/english.ldf
Language: english 2017/06/06 v3.3r English support from the babel system
Package babel Info: Hyphen rules for 'canadian' set to \l@english
(babel)             (\language0). Reported on input line 102.
Package babel Info: Hyphen rules for 'australian' set to \l@ukenglish
(babel)             (\language4). Reported on input line 105.
Package babel Info: Hyphen rules for 'newzealand' set to \l@ukenglish
(babel)             (\language4). Reported on input line 108.
))
(/usr/share/texlive/texmf-dist/tex/latex/base/inputenc.sty
Package: inputenc 2021/02/14 v1.3d Input encoding file
\inpenc@prehook=\toks21
\inpenc@posthook=\toks22
)
(/usr/share/texlive/texmf-dist/tex/latex/base/fontenc.sty
Package: fontenc 2021/04/29 v2.0v Standard LaTeX package
)
(/usr/share/texlive/texmf-dist/tex/latex/moresize/moresize.sty
Package: moresize 1999/07/26 v1.9 (more font sizes)
)
(/usr/share/texlive/texmf-dist/tex/latex/graphics/graphicx.sty
Package: graphicx 2021/09/16 v1.2d Enhanced LaTeX Graphics (DPC,SPQR)

(/usr/share/texlive/texmf-dist/tex/latex/graphics/graphics.sty
Package: graphics 2021/03/04 v1.4d Standard LaTeX Graphics (DPC,SPQR)

(/usr/share/texlive/texmf-dist/tex/latex/graphics/trig.sty
Package: trig 2021/08/11 v1.11 sin cos tan (DPC)
)
(/usr/share/texlive/texmf-dist/tex/latex/graphics-cfg/graphics.cfg
File: graphics.cfg 2016/06/04 v1.11 sample graphics configuration
)
Package graphics Info: Driver file: pdftex.def on input line 107.
)
\Gin@req@height=\dimen169
\Gin@req@width=\dimen170
)
(/usr/share/texlive/texmf-dist/tex/latex/transparent/transparent.sty
Package: transparent 2019/11/29 v1.4 Transparency via pdfTeX's color stack (HO)


(/usr/share/texlive/texmf-dist/tex/latex/auxhook/auxhook.sty
Package: auxhook 2019-12-17 v1.6 Hooks for auxiliary files (HO)
))
(/usr/share/texlive/texmf-dist/tex/latex/eso-pic/eso-pic.sty
Package: eso-pic 2020/10/14 v3.0a eso-pic (RN)
\ESO@tempdima=\dimen171
\ESO@tempdimb=\dimen172
)
(/usr/share/texlive/texmf-dist/tex/latex/subfig/subfig.sty
Package: subfig 2005/06/28 ver: 1.3 subfig package
\c@KVtest=\count279
\sf@farskip=\skip53
\sf@captopadj=\dimen173
\sf@capskip=\skip54
\sf@nearskip=\skip55
\c@subfigure=\count280
\c@subfigure@save=\count281
\c@lofdepth=\count282
\c@subtable=\count283
\c@subtable@save=\count284
\c@lotdepth=\count285
\sf@top=\skip56
\sf@bottom=\skip57
)
(/usr/share/texlive/texmf-dist/tex/latex/pgf/frontendlayer/tikz.sty
(/usr/share/texlive/texmf-dist/tex/latex/pgf/basiclayer/pgf.sty
(/usr/share/texlive/texmf-dist/tex/latex/pgf/utilities/pgfrcs.sty
(/usr/share/texlive/texmf-dist/tex/generic/pgf/utilities/pgfutil-common.tex
\pgfutil@everybye=\toks23
\pgfutil@tempdima=\dimen174
\pgfutil@tempdimb=\dimen175

(/usr/share/texlive/texmf-dist/tex/generic/pgf/utilities/pgfutil-common-lists.t
ex)) (/usr/share/texlive/texmf-dist/tex/generic/pgf/utilities/pgfutil-latex.def
\pgfutil@abb=\box96
) (/usr/share/texlive/texmf-dist/tex/generic/pgf/utilities/pgfrcs.code.tex
(/usr/share/texlive/texmf-dist/tex/generic/pgf/pgf.revision.tex)
Package: pgfrcs 2021/05/15 v3.1.9a (3.1.9a)
))
Package: pgf 2021/05/15 v3.1.9a (3.1.9a)

(/usr/share/texlive/texmf-dist/tex/latex/pgf/basiclayer/pgfcore.sty
(/usr/share/texlive/texmf-dist/tex/latex/pgf/systemlayer/pgfsys.sty
(/usr/share/texlive/texmf-dist/tex/generic/pgf/systemlayer/pgfsys.code.tex
Package: pgfsys 2021/05/15 v3.1.9a (3.1.9a)

(/usr/share/texlive/texmf-dist/tex/generic/pgf/utilities/pgfkeys.code.tex
\pgfkeys@pathtoks=\toks24
\pgfkeys@temptoks=\toks25

(/usr/share/texlive/texmf-dist/tex/generic/pgf/utilities/pgfkeysfiltered.code.t
ex
\pgfkeys@tmptoks=\toks26
))
\pgf@x=\dimen176
\pgf@y=\dimen177
\pgf@xa=\dimen178
\pgf@ya=\dimen179
\pgf@xb=\dimen180
\pgf@yb=\dimen181
\pgf@xc=\dimen182
\pgf@yc=\dimen183
\pgf@xd=\dimen184
\pgf@yd=\dimen185
\w@pgf@writea=\write3
\r@pgf@reada=\read3
\c@pgf@counta=\count286
\c@pgf@countb=\count287
\c@pgf@countc=\count288
\c@pgf@countd=\count289
\t@pgf@toka=\toks27
\t@pgf@tokb=\toks28
\t@pgf@tokc=\toks29
\pgf@sys@id@count=\count290
 (/usr/share/texlive/texmf-dist/tex/generic/pgf/systemlayer/pgf.cfg
File: pgf.cfg 2021/05/15 v3.1.9a (3.1.9a)
)
Driver file for pgf: pgfsys-pdftex.def

(/usr/share/texlive/texmf-dist/tex/generic/pgf/systemlayer/pgfsys-pdftex.def
File: pgfsys-pdftex.def 2021/05/15 v3.1.9a (3.1.9a)

(/usr/share/texlive/texmf-dist/tex/generic/pgf/systemlayer/pgfsys-common-pdf.de
f
File: pgfsys-common-pdf.def 2021/05/15 v3.1.9a (3.1.9a)
)))
(/usr/share/texlive/texmf-dist/tex/generic/pgf/systemlayer/pgfsyssoftpath.code.
tex
File: pgfsyssoftpath.code.tex 2021/05/15 v3.1.9a (3.1.9a)
\pgfsyssoftpath@smallbuffer@items=\count291
\pgfsyssoftpath@bigbuffer@items=\count292
)
(/usr/share/texlive/texmf-dist/tex/generic/pgf/systemlayer/pgfsysprotocol.code.
tex
File: pgfsysprotocol.code.tex 2021/05/15 v3.1.9a (3.1.9a)
)) (/usr/share/texlive/texmf-dist/tex/latex/xcolor/xcolor.sty
Package: xcolor 2021/10/31 v2.13 LaTeX color extensions (UK)

(/usr/share/texlive/texmf-dist/tex/latex/graphics-cfg/color.cfg
File: color.cfg 2016/01/02 v1.6 sample color configuration
)
Package xcolor Info: Driver file: pdftex.def on input line 227.
LaTeX Info: Redefining \color on input line 711.
Package xcolor Info: Model `cmy' substituted by `cmy0' on input line 1352.
Package xcolor Info: Model `hsb' substituted by `rgb' on input line 1356.
Package xcolor Info: Model `RGB' extended on input line 1368.
Package xcolor Info: Model `HTML' substituted by `rgb' on input line 1370.
Package xcolor Info: Model `Hsb' substituted by `hsb' on input line 1371.
Package xcolor Info: Model `tHsb' substituted by `hsb' on input line 1372.
Package xcolor Info: Model `HSB' substituted by `hsb' on input line 1373.
Package xcolor Info: Model `Gray' substituted by `gray' on input line 1374.
Package xcolor Info: Model `wave' substituted by `hsb' on input line 1375.
)
(/usr/share/texlive/texmf-dist/tex/generic/pgf/basiclayer/pgfcore.code.tex
Package: pgfcore 2021/05/15 v3.1.9a (3.1.9a)

(/usr/share/texlive/texmf-dist/tex/generic/pgf/math/pgfmath.code.tex
(/usr/share/texlive/texmf-dist/tex/generic/pgf/math/pgfmathcalc.code.tex
(/usr/share/texlive/texmf-dist/tex/generic/pgf/math/pgfmathutil.code.tex)
(/usr/share/texlive/texmf-dist/tex/generic/pgf/math/pgfmathparser.code.tex
\pgfmath@dimen=\dimen186
\pgfmath@count=\count293
\pgfmath@box=\box97
\pgfmath@toks=\toks30
\pgfmath@stack@operand=\toks31
\pgfmath@stack@operation=\toks32
)
(/usr/share/texlive/texmf-dist/tex/generic/pgf/math/pgfmathfunctions.code.tex
(/usr/share/texlive/texmf-dist/tex/generic/pgf/math/pgfmathfunctions.basic.code
.tex)
(/usr/share/texlive/texmf-dist/tex/generic/pgf/math/pgfmathfunctions.trigonomet
ric.code.tex)
(/usr/share/texlive/texmf-dist/tex/generic/pgf/math/pgfmathfunctions.random.cod
e.tex)
(/usr/share/texlive/texmf-dist/tex/generic/pgf/math/pgfmathfunctions.comparison
.code.tex)
(/usr/share/texlive/texmf-dist/tex/generic/pgf/math/pgfmathfunctions.base.code.
tex)
(/usr/share/texlive/texmf-dist/tex/generic/pgf/math/pgfmathfunctions.round.code
.tex)
(/usr/share/texlive/texmf-dist/tex/generic/pgf/math/pgfmathfunctions.misc.code.
tex)
(/usr/share/texlive/texmf-dist/tex/generic/pgf/math/pgfmathfunctions.integerari
thmetics.code.tex)))
(/usr/share/texlive/texmf-dist/tex/generic/pgf/math/pgfmathfloat.code.tex
\c@pgfmathroundto@lastzeros=\count294
))
(/usr/share/texlive/texmf-dist/tex/generic/pgf/math/pgfint.code.tex)
(/usr/share/texlive/texmf-dist/tex/generic/pgf/basiclayer/pgfcorepoints.code.te
x
File: pgfcorepoints.code.tex 2021/05/15 v3.1.9a (3.1.9a)
\pgf@picminx=\dimen187
\pgf@picmaxx=\dimen188
\pgf@picminy=\dimen189
\pgf@picmaxy=\dimen190
\pgf@pathminx=\dimen191
\pgf@pathmaxx=\dimen192
\pgf@pathminy=\dimen193
\pgf@pathmaxy=\dimen194
\pgf@xx=\dimen195
\pgf@xy=\dimen196
\pgf@yx=\dimen197
\pgf@yy=\dimen198
\pgf@zx=\dimen199
\pgf@zy=\dimen256
)
(/usr/share/texlive/texmf-dist/tex/generic/pgf/basiclayer/pgfcorepathconstruct.
code.tex
File: pgfcorepathconstruct.code.tex 2021/05/15 v3.1.9a (3.1.9a)
\pgf@path@lastx=\dimen257
\pgf@path@lasty=\dimen258
)
(/usr/share/texlive/texmf-dist/tex/generic/pgf/basiclayer/pgfcorepathusage.code
.tex
File: pgfcorepathusage.code.tex 2021/05/15 v3.1.9a (3.1.9a)
\pgf@shorten@end@additional=\dimen259
\pgf@shorten@start@additional=\dimen260
)
(/usr/share/texlive/texmf-dist/tex/generic/pgf/basiclayer/pgfcorescopes.code.te
x
File: pgfcorescopes.code.tex 2021/05/15 v3.1.9a (3.1.9a)
\pgfpic=\box98
\pgf@hbox=\box99
\pgf@layerbox@main=\box100
\pgf@picture@serial@count=\count295
)
(/usr/share/texlive/texmf-dist/tex/generic/pgf/basiclayer/pgfcoregraphicstate.c
ode.tex
File: pgfcoregraphicstate.code.tex 2021/05/15 v3.1.9a (3.1.9a)
\pgflinewidth=\dimen261
)
(/usr/share/texlive/texmf-dist/tex/generic/pgf/basiclayer/pgfcoretransformation
s.code.tex
File: pgfcoretransformations.code.tex 2021/05/15 v3.1.9a (3.1.9a)
\pgf@pt@x=\dimen262
\pgf@pt@y=\dimen263
\pgf@pt@temp=\dimen264
)
(/usr/share/texlive/texmf-dist/tex/generic/pgf/basiclayer/pgfcorequick.code.tex
File: pgfcorequick.code.tex 2021/05/15 v3.1.9a (3.1.9a)
)
(/usr/share/texlive/texmf-dist/tex/generic/pgf/basiclayer/pgfcoreobjects.code.t
ex
File: pgfcoreobjects.code.tex 2021/05/15 v3.1.9a (3.1.9a)
)
(/usr/share/texlive/texmf-dist/tex/generic/pgf/basiclayer/pgfcorepathprocessing
.code.tex
File: pgfcorepathprocessing.code.tex 2021/05/15 v3.1.9a (3.1.9a)
)
(/usr/share/texlive/texmf-dist/tex/generic/pgf/basiclayer/pgfcorearrows.code.te
x
File: pgfcorearrows.code.tex 2021/05/15 v3.1.9a (3.1.9a)
\pgfarrowsep=\dimen265
)
(/usr/share/texlive/texmf-dist/tex/generic/pgf/basiclayer/pgfcoreshade.code.tex
File: pgfcoreshade.code.tex 2021/05/15 v3.1.9a (3.1.9a)
\pgf@max=\dimen266
\pgf@sys@shading@range@num=\count296
\pgf@shadingcount=\count297
)
(/usr/share/texlive/texmf-dist/tex/generic/pgf/basiclayer/pgfcoreimage.code.tex
File: pgfcoreimage.code.tex 2021/05/15 v3.1.9a (3.1.9a)

(/usr/share/texlive/texmf-dist/tex/generic/pgf/basiclayer/pgfcoreexternal.code.
tex
File: pgfcoreexternal.code.tex 2021/05/15 v3.1.9a (3.1.9a)
\pgfexternal@startupbox=\box101
))
(/usr/share/texlive/texmf-dist/tex/generic/pgf/basiclayer/pgfcorelayers.code.te
x
File: pgfcorelayers.code.tex 2021/05/15 v3.1.9a (3.1.9a)
)
(/usr/share/texlive/texmf-dist/tex/generic/pgf/basiclayer/pgfcoretransparency.c
ode.tex
File: pgfcoretransparency.code.tex 2021/05/15 v3.1.9a (3.1.9a)
)
(/usr/share/texlive/texmf-dist/tex/generic/pgf/basiclayer/pgfcorepatterns.code.
tex
File: pgfcorepatterns.code.tex 2021/05/15 v3.1.9a (3.1.9a)
)
(/usr/share/texlive/texmf-dist/tex/generic/pgf/basiclayer/pgfcorerdf.code.tex
File: pgfcorerdf.code.tex 2021/05/15 v3.1.9a (3.1.9a)
)))
(/usr/share/texlive/texmf-dist/tex/generic/pgf/modules/pgfmoduleshapes.code.tex
File: pgfmoduleshapes.code.tex 2021/05/15 v3.1.9a (3.1.9a)
\pgfnodeparttextbox=\box102
) (/usr/share/texlive/texmf-dist/tex/generic/pgf/modules/pgfmoduleplot.code.tex
File: pgfmoduleplot.code.tex 2021/05/15 v3.1.9a (3.1.9a)
)
(/usr/share/texlive/texmf-dist/tex/latex/pgf/compatibility/pgfcomp-version-0-65
.sty
Package: pgfcomp-version-0-65 2021/05/15 v3.1.9a (3.1.9a)
\pgf@nodesepstart=\dimen267
\pgf@nodesepend=\dimen268
)
(/usr/share/texlive/texmf-dist/tex/latex/pgf/compatibility/pgfcomp-version-1-18
.sty
Package: pgfcomp-version-1-18 2021/05/15 v3.1.9a (3.1.9a)
)) (/usr/share/texlive/texmf-dist/tex/latex/pgf/utilities/pgffor.sty
(/usr/share/texlive/texmf-dist/tex/latex/pgf/utilities/pgfkeys.sty
(/usr/share/texlive/texmf-dist/tex/generic/pgf/utilities/pgfkeys.code.tex))
(/usr/share/texlive/texmf-dist/tex/latex/pgf/math/pgfmath.sty
(/usr/share/texlive/texmf-dist/tex/generic/pgf/math/pgfmath.code.tex))
(/usr/share/texlive/texmf-dist/tex/generic/pgf/utilities/pgffor.code.tex
Package: pgffor 2021/05/15 v3.1.9a (3.1.9a)

(/usr/share/texlive/texmf-dist/tex/generic/pgf/math/pgfmath.code.tex)
\pgffor@iter=\dimen269
\pgffor@skip=\dimen270
\pgffor@stack=\toks33
\pgffor@toks=\toks34
))
(/usr/share/texlive/texmf-dist/tex/generic/pgf/frontendlayer/tikz/tikz.code.tex
Package: tikz 2021/05/15 v3.1.9a (3.1.9a)

(/usr/share/texlive/texmf-dist/tex/generic/pgf/libraries/pgflibraryplothandlers
.code.tex
File: pgflibraryplothandlers.code.tex 2021/05/15 v3.1.9a (3.1.9a)
\pgf@plot@mark@count=\count298
\pgfplotmarksize=\dimen271
)
\tikz@lastx=\dimen272
\tikz@lasty=\dimen273
\tikz@lastxsaved=\dimen274
\tikz@lastysaved=\dimen275
\tikz@lastmovetox=\dimen276
\tikz@lastmovetoy=\dimen277
\tikzleveldistance=\dimen278
\tikzsiblingdistance=\dimen279
\tikz@figbox=\box103
\tikz@figbox@bg=\box104
\tikz@tempbox=\box105
\tikz@tempbox@bg=\box106
\tikztreelevel=\count299
\tikznumberofchildren=\count300
\tikznumberofcurrentchild=\count301
\tikz@fig@count=\count302

(/usr/share/texlive/texmf-dist/tex/generic/pgf/modules/pgfmodulematrix.code.tex
File: pgfmodulematrix.code.tex 2021/05/15 v3.1.9a (3.1.9a)
\pgfmatrixcurrentrow=\count303
\pgfmatrixcurrentcolumn=\count304
\pgf@matrix@numberofcolumns=\count305
)
\tikz@expandcount=\count306

(/usr/share/texlive/texmf-dist/tex/generic/pgf/frontendlayer/tikz/libraries/tik
zlibrarytopaths.code.tex
File: tikzlibrarytopaths.code.tex 2021/05/15 v3.1.9a (3.1.9a)
)))
(/usr/share/texlive/texmf-dist/tex/latex/amscls/amsthm.sty
Package: amsthm 2020/05/29 v2.20.6
\thm@style=\toks35
\thm@bodyfont=\toks36
\thm@headfont=\toks37
\thm@notefont=\toks38
\thm@headpunct=\toks39
\thm@preskip=\skip58
\thm@postskip=\skip59
\thm@headsep=\skip60
\dth@everypar=\toks40
)
(/usr/share/texlive/texmf-dist/tex/latex/thmtools/thmtools.sty
Package: thmtools 2020/08/01 v0.72
\thmt@toks=\toks41
\c@thmt@dummyctr=\count307

(/usr/share/texlive/texmf-dist/tex/latex/thmtools/thm-patch.sty
Package: thm-patch 2020/08/01 v0.72

(/usr/share/texlive/texmf-dist/tex/latex/thmtools/parseargs.sty
Package: parseargs 2020/08/01 v0.72
\@parsespec=\toks42
))
(/usr/share/texlive/texmf-dist/tex/latex/thmtools/thm-kv.sty
Package: thm-kv 2020/08/01 v0.72
Package thm-kv Info: Theorem names will be uppercased on input line 42.
Package thm-kv Info: kvsetkeys patch (v1.16 or later) on input line 158.
)
(/usr/share/texlive/texmf-dist/tex/latex/thmtools/thm-autoref.sty
Package: thm-autoref 2020/08/01 v0.72

(/usr/share/texlive/texmf-dist/tex/latex/thmtools/aliasctr.sty
Package: aliasctr 2020/08/01 v0.72
))
(/usr/share/texlive/texmf-dist/tex/latex/thmtools/thm-listof.sty
Package: thm-listof 2020/08/01 v0.72
)
(/usr/share/texlive/texmf-dist/tex/latex/thmtools/thm-restate.sty
Package: thm-restate 2020/08/01 v0.72
)
(/usr/share/texlive/texmf-dist/tex/latex/thmtools/thm-amsthm.sty
Package: thm-amsthm 2020/08/01 v0.72
\thmt@style@headstyle=\toks43
))
(/usr/share/texlive/texmf-dist/tex/latex/float/float.sty
Package: float 2001/11/08 v1.3d Float enhancements (AL)
\c@float@type=\count308
\float@exts=\toks44
\float@box=\box107
\@float@everytoks=\toks45
\@floatcapt=\box108
)
(/usr/share/texlive/texmf-dist/tex/latex/amsmath/amsmath.sty
Package: amsmath 2021/10/15 v2.17l AMS math features
\@mathmargin=\skip61

For additional information on amsmath, use the `?' option.
(/usr/share/texlive/texmf-dist/tex/latex/amsmath/amstext.sty
Package: amstext 2021/08/26 v2.01 AMS text

(/usr/share/texlive/texmf-dist/tex/latex/amsmath/amsgen.sty
File: amsgen.sty 1999/11/30 v2.0 generic functions
\@emptytoks=\toks46
\ex@=\dimen280
))
(/usr/share/texlive/texmf-dist/tex/latex/amsmath/amsbsy.sty
Package: amsbsy 1999/11/29 v1.2d Bold Symbols
\pmbraise@=\dimen281
)
(/usr/share/texlive/texmf-dist/tex/latex/amsmath/amsopn.sty
Package: amsopn 2021/08/26 v2.02 operator names
)
\inf@bad=\count309
LaTeX Info: Redefining \frac on input line 234.
\uproot@=\count310
\leftroot@=\count311
LaTeX Info: Redefining \overline on input line 399.
\classnum@=\count312
\DOTSCASE@=\count313
LaTeX Info: Redefining \ldots on input line 496.
LaTeX Info: Redefining \dots on input line 499.
LaTeX Info: Redefining \cdots on input line 620.
\Mathstrutbox@=\box109
\strutbox@=\box110
\big@size=\dimen282
LaTeX Font Info:    Redeclaring font encoding OML on input line 743.
LaTeX Font Info:    Redeclaring font encoding OMS on input line 744.
\macc@depth=\count314
\c@MaxMatrixCols=\count315
\dotsspace@=\muskip16
\c@parentequation=\count316
\dspbrk@lvl=\count317
\tag@help=\toks47
\row@=\count318
\column@=\count319
\maxfields@=\count320
\andhelp@=\toks48
\eqnshift@=\dimen283
\alignsep@=\dimen284
\tagshift@=\dimen285
\tagwidth@=\dimen286
\totwidth@=\dimen287
\lineht@=\dimen288
\@envbody=\toks49
\multlinegap=\skip62
\multlinetaggap=\skip63
\mathdisplay@stack=\toks50
LaTeX Info: Redefining \[ on input line 2938.
LaTeX Info: Redefining \] on input line 2939.
)
(/usr/share/texlive/texmf-dist/tex/latex/amsfonts/amssymb.sty
Package: amssymb 2013/01/14 v3.01 AMS font symbols

(/usr/share/texlive/texmf-dist/tex/latex/amsfonts/amsfonts.sty
Package: amsfonts 2013/01/14 v3.01 Basic AMSFonts support
\symAMSa=\mathgroup4
\symAMSb=\mathgroup5
LaTeX Font Info:    Redeclaring math symbol \hbar on input line 98.
LaTeX Font Info:    Overwriting math alphabet `\mathfrak' in version `bold'
(Font)                  U/euf/m/n --> U/euf/b/n on input line 106.
))
(/usr/share/texlive/texmf-dist/tex/latex/tools/bm.sty
Package: bm 2021/04/25 v1.2e Bold Symbol Support (DPC/FMi)
\symboldoperators=\mathgroup6
\symboldletters=\mathgroup7
\symboldsymbols=\mathgroup8
Package bm Info: No bold for \OMX/cmex/m/n, using \pmb.
Package bm Info: No bold for \U/msa/m/n, using \pmb.
Package bm Info: No bold for \U/msb/m/n, using \pmb.
LaTeX Font Info:    Redeclaring math alphabet \mathbf on input line 149.
)
(/usr/share/texlive/texmf-dist/tex/latex/mathtools/empheq.sty
Package: empheq 2017/03/31 v2.15 Emphasizing equations

(/usr/share/texlive/texmf-dist/tex/latex/mathtools/mhsetup.sty
Package: mhsetup 2021/03/18 v1.4 programming setup (MH)
)
(/usr/share/texlive/texmf-dist/tex/latex/mathtools/mathtools.sty
Package: mathtools 2021/02/02 v1.28 mathematical typesetting tools

(/usr/share/texlive/texmf-dist/tex/latex/tools/calc.sty
Package: calc 2017/05/25 v4.3 Infix arithmetic (KKT,FJ)
\calc@Acount=\count321
\calc@Bcount=\count322
\calc@Adimen=\dimen289
\calc@Bdimen=\dimen290
\calc@Askip=\skip64
\calc@Bskip=\skip65
LaTeX Info: Redefining \setlength on input line 80.
LaTeX Info: Redefining \addtolength on input line 81.
\calc@Ccount=\count323
\calc@Cskip=\skip66
)
\g_MT_multlinerow_int=\count324
\l_MT_multwidth_dim=\dimen291
\origjot=\skip67
\l_MT_shortvdotswithinadjustabove_dim=\dimen292
\l_MT_shortvdotswithinadjustbelow_dim=\dimen293
\l_MT_above_intertext_sep=\dimen294
\l_MT_below_intertext_sep=\dimen295
\l_MT_above_shortintertext_sep=\dimen296
\l_MT_below_shortintertext_sep=\dimen297
\xmathstrut@box=\box111
\xmathstrut@dim=\dimen298
)
\l_EQ_equationtype_int=\count325
\l_EQ_alignmentmode_int=\count326
\l_EQ_totalwidth_dim=\dimen299
\l_EQ_displaywidth_dim=\dimen300
\l_EQ_temp_linewidth_dim=\dimen301
\l_EQ_linewidth_dim=\dimen302
\EmphEqdelimitershortfall=\dimen303
\EmphEqdelimiterfactor=\count327
\g_EQ_toptag_height_dim=\dimen304
\g_EQ_bottomtag_depth_dim=\dimen305
\g_EQ_toprow_height_dim=\dimen306
\g_EQ_bottomrow_depth_dim=\dimen307
\g_EQ_widesttag_dim=\dimen308
\EQ_mathdisplay_box=\box112
\EQ_tag_box=\box113
\g_EQ_temprow_int=\count328
)
(/usr/share/texlive/texmf-dist/tex/latex/base/fix-cm.sty
Package: fix-cm 2020/11/24 v1.1t fixes to LaTeX

(/usr/share/texlive/texmf-dist/tex/latex/base/ts1enc.def
File: ts1enc.def 2001/06/05 v3.0e (jk/car/fm) Standard LaTeX file
LaTeX Font Info:    Redeclaring font encoding TS1 on input line 47.
))
(/usr/share/texlive/texmf-dist/tex/latex/tools/tabularx.sty
Package: tabularx 2020/01/15 v2.11c `tabularx' package (DPC)

(/usr/share/texlive/texmf-dist/tex/latex/tools/array.sty
Package: array 2021/10/04 v2.5f Tabular extension package (FMi)
\col@sep=\dimen309
\ar@mcellbox=\box114
\extrarowheight=\dimen310
\NC@list=\toks51
\extratabsurround=\skip68
\backup@length=\skip69
\ar@cellbox=\box115
)
\TX@col@width=\dimen311
\TX@old@table=\dimen312
\TX@old@col=\dimen313
\TX@target=\dimen314
\TX@delta=\dimen315
\TX@cols=\count329
\TX@ftn=\toks52
)
(/usr/share/texlive/texmf-dist/tex/latex/tools/longtable.sty
Package: longtable 2021-09-01 v4.17 Multi-page Table package (DPC)
\LTleft=\skip70
\LTright=\skip71
\LTpre=\skip72
\LTpost=\skip73
\LTchunksize=\count330
\LTcapwidth=\dimen316
\LT@head=\box116
\LT@firsthead=\box117
\LT@foot=\box118
\LT@lastfoot=\box119
\LT@gbox=\box120
\LT@cols=\count331
\LT@rows=\count332
\c@LT@tables=\count333
\c@LT@chunks=\count334
\LT@p@ftn=\toks53
)
(/usr/share/texlive/texmf-dist/tex/latex/colortbl/colortbl.sty
Package: colortbl 2020/01/04 v1.0e Color table columns (DPC)
\everycr=\toks54
\minrowclearance=\skip74
)
(/usr/share/texlive/texmf-dist/tex/latex/algorithms/algorithm.sty
Package: algorithm 2009/08/24 v0.1 Document Style `algorithm' - floating enviro
nment

(/usr/share/texlive/texmf-dist/tex/latex/base/ifthen.sty
Package: ifthen 2020/11/24 v1.1c Standard LaTeX ifthen package (DPC)
)
\@float@every@algorithm=\toks55
\c@algorithm=\count335
)
(/usr/share/texlive/texmf-dist/tex/latex/algorithms/algorithmic.sty
Package: algorithmic 2009/08/24 v0.1 Document Style `algorithmic'
\c@ALC@unique=\count336
\c@ALC@line=\count337
\c@ALC@rem=\count338
\c@ALC@depth=\count339
\ALC@tlm=\skip75
\algorithmicindent=\skip76
)
(/usr/share/texlive/texmf-dist/tex/latex/hyperref/hyperref.sty
Package: hyperref 2021-06-07 v7.00m Hypertext links for LaTeX

(/usr/share/texlive/texmf-dist/tex/generic/pdftexcmds/pdftexcmds.sty
Package: pdftexcmds 2020-06-27 v0.33 Utility functions of pdfTeX for LuaTeX (HO
)

(/usr/share/texlive/texmf-dist/tex/generic/infwarerr/infwarerr.sty
Package: infwarerr 2019/12/03 v1.5 Providing info/warning/error messages (HO)
)
Package pdftexcmds Info: \pdf@primitive is available.
Package pdftexcmds Info: \pdf@ifprimitive is available.
Package pdftexcmds Info: \pdfdraftmode found.
)
(/usr/share/texlive/texmf-dist/tex/generic/kvdefinekeys/kvdefinekeys.sty
Package: kvdefinekeys 2019-12-19 v1.6 Define keys (HO)
)
(/usr/share/texlive/texmf-dist/tex/generic/pdfescape/pdfescape.sty
Package: pdfescape 2019/12/09 v1.15 Implements pdfTeX's escape features (HO)
)
(/usr/share/texlive/texmf-dist/tex/latex/hycolor/hycolor.sty
Package: hycolor 2020-01-27 v1.10 Color options for hyperref/bookmark (HO)
)
(/usr/share/texlive/texmf-dist/tex/latex/letltxmacro/letltxmacro.sty
Package: letltxmacro 2019/12/03 v1.6 Let assignment for LaTeX macros (HO)
)
\@linkdim=\dimen317
\Hy@linkcounter=\count340
\Hy@pagecounter=\count341

(/usr/share/texlive/texmf-dist/tex/latex/hyperref/pd1enc.def
File: pd1enc.def 2021-06-07 v7.00m Hyperref: PDFDocEncoding definition (HO)
Now handling font encoding PD1 ...
... no UTF-8 mapping file for font encoding PD1
)
(/usr/share/texlive/texmf-dist/tex/latex/hyperref/hyperref-langpatches.def
File: hyperref-langpatches.def 2021-06-07 v7.00m Hyperref: patches for babel la
nguages
)
(/usr/share/texlive/texmf-dist/tex/generic/intcalc/intcalc.sty
Package: intcalc 2019/12/15 v1.3 Expandable calculations with integers (HO)
)
(/usr/share/texlive/texmf-dist/tex/generic/etexcmds/etexcmds.sty
Package: etexcmds 2019/12/15 v1.7 Avoid name clashes with e-TeX commands (HO)
)
\Hy@SavedSpaceFactor=\count342

(/usr/share/texlive/texmf-dist/tex/latex/hyperref/puenc.def
File: puenc.def 2021-06-07 v7.00m Hyperref: PDF Unicode definition (HO)
Now handling font encoding PU ...
... no UTF-8 mapping file for font encoding PU
)
Package hyperref Info: Option `colorlinks' set `true' on input line 4073.
Package hyperref Info: Hyper figures OFF on input line 4192.
Package hyperref Info: Link nesting OFF on input line 4197.
Package hyperref Info: Hyper index ON on input line 4200.
Package hyperref Info: Plain pages OFF on input line 4207.
Package hyperref Info: Backreferencing OFF on input line 4212.
Package hyperref Info: Implicit mode ON; LaTeX internals redefined.
Package hyperref Info: Bookmarks ON on input line 4445.
\c@Hy@tempcnt=\count343

(/usr/share/texlive/texmf-dist/tex/latex/url/url.sty
\Urlmuskip=\muskip17
Package: url 2013/09/16  ver 3.4  Verb mode for urls, etc.
)
LaTeX Info: Redefining \url on input line 4804.
\XeTeXLinkMargin=\dimen318

(/usr/share/texlive/texmf-dist/tex/generic/bitset/bitset.sty
Package: bitset 2019/12/09 v1.3 Handle bit-vector datatype (HO)

(/usr/share/texlive/texmf-dist/tex/generic/bigintcalc/bigintcalc.sty
Package: bigintcalc 2019/12/15 v1.5 Expandable calculations on big integers (HO
)
))
\Fld@menulength=\count344
\Field@Width=\dimen319
\Fld@charsize=\dimen320
Package hyperref Info: Hyper figures OFF on input line 6076.
Package hyperref Info: Link nesting OFF on input line 6081.
Package hyperref Info: Hyper index ON on input line 6084.
Package hyperref Info: backreferencing OFF on input line 6091.
Package hyperref Info: Link coloring ON on input line 6094.
Package hyperref Info: Link coloring with OCG OFF on input line 6101.
Package hyperref Info: PDF/A mode OFF on input line 6106.
LaTeX Info: Redefining \ref on input line 6146.
LaTeX Info: Redefining \pageref on input line 6150.

(/usr/share/texlive/texmf-dist/tex/latex/base/atbegshi-ltx.sty
Package: atbegshi-ltx 2021/01/10 v1.0c Emulation of the original atbegshi
package with kernel methods
)
\Hy@abspage=\count345
\c@Item=\count346
\c@Hfootnote=\count347
)
Package hyperref Info: Driver (autodetected): hpdftex.

(/usr/share/texlive/texmf-dist/tex/latex/hyperref/hpdftex.def
File: hpdftex.def 2021-06-07 v7.00m Hyperref driver for pdfTeX

(/usr/share/texlive/texmf-dist/tex/latex/base/atveryend-ltx.sty
Package: atveryend-ltx 2020/08/19 v1.0a Emulation of the original atveryend pac
kage
with kernel methods
)
\Fld@listcount=\count348
\c@bookmark@seq@number=\count349

(/usr/share/texlive/texmf-dist/tex/latex/rerunfilecheck/rerunfilecheck.sty
Package: rerunfilecheck 2019/12/05 v1.9 Rerun checks for auxiliary files (HO)

(/usr/share/texlive/texmf-dist/tex/generic/uniquecounter/uniquecounter.sty
Package: uniquecounter 2019/12/15 v1.4 Provide unlimited unique counter (HO)
)
Package uniquecounter Info: New unique counter `rerunfilecheck' on input line 2
86.
)
\Hy@SectionHShift=\skip77
)
(/usr/share/texlive/texmf-dist/tex/latex/cleveref/cleveref.sty
Package: cleveref 2018/03/27 v0.21.4 Intelligent cross-referencing
Package cleveref Info: `hyperref' support loaded on input line 2370.
LaTeX Info: Redefining \cref on input line 2370.
LaTeX Info: Redefining \Cref on input line 2370.
LaTeX Info: Redefining \crefrange on input line 2370.
LaTeX Info: Redefining \Crefrange on input line 2370.
LaTeX Info: Redefining \cpageref on input line 2370.
LaTeX Info: Redefining \Cpageref on input line 2370.
LaTeX Info: Redefining \cpagerefrange on input line 2370.
LaTeX Info: Redefining \Cpagerefrange on input line 2370.
LaTeX Info: Redefining \labelcref on input line 2370.
LaTeX Info: Redefining \labelcpageref on input line 2370.
Package cleveref Info: `amsthm' support loaded on input line 3026.
Package cleveref Info: `subfig' support loaded on input line 3164.
)
(/usr/share/texlive/texmf-dist/tex/latex/natbib/natbib.sty
Package: natbib 2010/09/13 8.31b (PWD, AO)
\bibhang=\skip78
\bibsep=\skip79
LaTeX Info: Redefining \cite on input line 694.
\c@NAT@ctr=\count350
)
(/usr/share/texlive/texmf-dist/tex/latex/pdfpages/pdfpages.sty
Package: pdfpages 2022/01/29 v0.5u Insert pages of external PDF documents (AM)
\AM@pagewidth=\dimen321
\AM@pageheight=\dimen322
\AM@fboxrule=\dimen323

(/usr/share/texlive/texmf-dist/tex/latex/pdfpages/pppdftex.def
File: pppdftex.def 2022/01/29 v0.5u Pdfpages driver for pdfTeX (AM)
)
\pdfpages@includegraphics@status=\count351
\AM@pagebox=\box121
\AM@global@opts=\toks56
\AM@pagecnt=\count352
\AM@toc@title=\toks57
\c@AM@survey=\count353
\AM@templatesizebox=\box122
)
(/usr/share/texlive/texmf-dist/tex/latex/tools/afterpage.sty
Package: afterpage 2014/10/28 v1.08 After-Page Package (DPC)
\AP@output=\toks58
\AP@partial=\box123
\AP@footins=\box124
)
(/usr/share/texlive/texmf-dist/tex/latex/lipsum/lipsum.sty
(/usr/share/texlive/texmf-dist/tex/latex/l3packages/l3keys2e/l3keys2e.sty
(/usr/share/texlive/texmf-dist/tex/latex/l3kernel/expl3.sty
Package: expl3 2022-01-21 L3 programming layer (loader) 

(/usr/share/texlive/texmf-dist/tex/latex/l3backend/l3backend-pdftex.def
File: l3backend-pdftex.def 2022-01-12 L3 backend support: PDF output (pdfTeX)
\l__color_backend_stack_int=\count354
\l__pdf_internal_box=\box125
))
Package: l3keys2e 2022-01-12 LaTeX2e option processing using LaTeX3 keys
)
Package: lipsum 2021-09-20 v2.7 150 paragraphs of Lorem Ipsum dummy text
\g__lipsum_par_int=\count355
\l__lipsum_a_int=\count356
\l__lipsum_b_int=\count357

(/usr/share/texlive/texmf-dist/tex/latex/lipsum/lipsum.ltd.tex))
(/usr/share/texlive/texmf-dist/tex/latex/fancyhdr/fancyhdr.sty
Package: fancyhdr 2021/01/28 v4.0.1 Extensive control of page headers and foote
rs
\f@nch@headwidth=\skip80
\f@nch@O@elh=\skip81
\f@nch@O@erh=\skip82
\f@nch@O@olh=\skip83
\f@nch@O@orh=\skip84
\f@nch@O@elf=\skip85
\f@nch@O@erf=\skip86
\f@nch@O@olf=\skip87
\f@nch@O@orf=\skip88
)
(./Configuration_Files/config.tex
\c@theorem=\count358
\c@proposition=\count359
\c@algsubstate=\count360
)
(/usr/share/texlive/texmf-dist/tex/latex/siunitx/siunitx.sty
Package: siunitx 2022-02-02 v3.0.46 A comprehensive (SI) units package
\l__siunitx_angle_tmp_dim=\dimen324
\l__siunitx_angle_marker_box=\box126
\l__siunitx_angle_unit_box=\box127
\l__siunitx_compound_count_int=\count361

(/usr/share/texlive/texmf-dist/tex/latex/translations/translations.sty
Package: translations 2022/01/04 v1.11 internationalization of LaTeX2e packages
 (CN)
)
\l__siunitx_number_exponent_fixed_int=\count362
\l__siunitx_number_min_decimal_int=\count363
\l__siunitx_number_min_integer_int=\count364
\l__siunitx_number_round_precision_int=\count365
\l__siunitx_number_group_minimum_int=\count366
\l__siunitx_table_tmp_box=\box128
\l__siunitx_table_tmp_dim=\dimen325
\l__siunitx_table_column_width_dim=\dimen326
\l__siunitx_table_integer_box=\box129
\l__siunitx_table_decimal_box=\box130
\l__siunitx_table_before_box=\box131
\l__siunitx_table_after_box=\box132
\l__siunitx_table_before_dim=\dimen327
\l__siunitx_table_carry_dim=\dimen328
\l__siunitx_unit_tmp_int=\count367
\l__siunitx_unit_position_int=\count368
\l__siunitx_unit_total_int=\count369
)
(./Thesis.aux)
\openout1 = `Thesis.aux'.

LaTeX Font Info:    Checking defaults for OML/cmm/m/it on input line 111.
LaTeX Font Info:    ... okay on input line 111.
LaTeX Font Info:    Checking defaults for OMS/cmsy/m/n on input line 111.
LaTeX Font Info:    ... okay on input line 111.
LaTeX Font Info:    Checking defaults for OT1/cmr/m/n on input line 111.
LaTeX Font Info:    ... okay on input line 111.
LaTeX Font Info:    Checking defaults for T1/cmr/m/n on input line 111.
LaTeX Font Info:    ... okay on input line 111.
LaTeX Font Info:    Checking defaults for TS1/cmr/m/n on input line 111.
LaTeX Font Info:    ... okay on input line 111.
LaTeX Font Info:    Checking defaults for OMX/cmex/m/n on input line 111.
LaTeX Font Info:    ... okay on input line 111.
LaTeX Font Info:    Checking defaults for U/cmr/m/n on input line 111.
LaTeX Font Info:    ... okay on input line 111.
LaTeX Font Info:    Checking defaults for PD1/pdf/m/n on input line 111.
LaTeX Font Info:    ... okay on input line 111.
LaTeX Font Info:    Checking defaults for PU/pdf/m/n on input line 111.
LaTeX Font Info:    ... okay on input line 111.

*geometry* driver: auto-detecting
*geometry* detected driver: pdftex
*geometry* verbose mode - [ preamble ] result:
* driver: pdftex
* paper: a4paper
* layout: <same size as paper>
* layoutoffset:(h,v)=(0.0pt,0.0pt)
* modes: includehead twoside 
* h-part:(L,W,R)=(85.35826pt, 455.24411pt, 56.9055pt)
* v-part:(T,H,B)=(71.13188pt, 702.78308pt, 71.13188pt)
* \paperwidth=597.50787pt
* \paperheight=845.04684pt
* \textwidth=455.24411pt
* \textheight=665.83746pt
* \oddsidemargin=13.08827pt
* \evensidemargin=-15.36449pt
* \topmargin=-1.1381pt
* \headheight=17.07182pt
* \headsep=19.8738pt
* \topskip=12.0pt
* \footskip=30.0pt
* \marginparwidth=98.0pt
* \marginparsep=7.0pt
* \columnsep=15.0pt
* \skip\footins=10.8pt plus 4.0pt minus 2.0pt
* \hoffset=0.0pt
* \voffset=0.0pt
* \mag=1000
* \@twocolumnfalse
* \@twosidetrue
* \@mparswitchtrue
* \@reversemarginfalse
* (1in=72.27pt=25.4mm, 1cm=28.453pt)

Package caption Info: Begin \AtBeginDocument code.
Package caption Info: subfig package v1.3 is loaded.
Package caption Info: float package is loaded.
Package caption Info: hyperref package is loaded.
Package caption Info: longtable package is loaded.
(/usr/share/texlive/texmf-dist/tex/latex/caption/ltcaption.sty
Package: ltcaption 2020/05/30 v1.4b longtable captions (AR)
)
Package caption Info: End \AtBeginDocument code.

(/usr/share/texlive/texmf-dist/tex/context/base/mkii/supp-pdf.mkii
[Loading MPS to PDF converter (version 2006.09.02).]
\scratchcounter=\count370
\scratchdimen=\dimen329
\scratchbox=\box133
\nofMPsegments=\count371
\nofMParguments=\count372
\everyMPshowfont=\toks59
\MPscratchCnt=\count373
\MPscratchDim=\dimen330
\MPnumerator=\count374
\makeMPintoPDFobject=\count375
\everyMPtoPDFconversion=\toks60
) (/usr/share/texlive/texmf-dist/tex/latex/epstopdf-pkg/epstopdf-base.sty
Package: epstopdf-base 2020-01-24 v2.11 Base part for package epstopdf
Package epstopdf-base Info: Redefining graphics rule for `.eps' on input line 4
85.

(/usr/share/texlive/texmf-dist/tex/latex/latexconfig/epstopdf-sys.cfg
File: epstopdf-sys.cfg 2010/07/13 v1.3 Configuration of (r)epstopdf for TeX Liv
e
))
LaTeX Info: Redefining \[ on input line 111.
LaTeX Info: Redefining \] on input line 111.
Package hyperref Info: Link coloring ON on input line 111.

(/usr/share/texlive/texmf-dist/tex/latex/hyperref/nameref.sty
Package: nameref 2021-04-02 v2.47 Cross-referencing by name of section

(/usr/share/texlive/texmf-dist/tex/latex/refcount/refcount.sty
Package: refcount 2019/12/15 v3.6 Data extraction from label references (HO)
)
(/usr/share/texlive/texmf-dist/tex/generic/gettitlestring/gettitlestring.sty
Package: gettitlestring 2019/12/15 v1.6 Cleanup title references (HO)
)
\c@section@level=\count376
)
LaTeX Info: Redefining \ref on input line 111.
LaTeX Info: Redefining \pageref on input line 111.
LaTeX Info: Redefining \nameref on input line 111.

(./Thesis.out) (./Thesis.out)
\@outlinefile=\write4
\openout4 = `Thesis.out'.


(/usr/share/texlive/texmf-dist/tex/latex/pdflscape/pdflscape.sty
Package: pdflscape 2019/12/05 v0.12 Display of landscape pages in PDF (HO)

(/usr/share/texlive/texmf-dist/tex/latex/graphics/lscape.sty
Package: lscape 2020/05/28 v3.02 Landscape Pages (DPC)
)
Package pdflscape Info: Auto-detected driver: pdftex on input line 81.
)
(/usr/share/texlive/texmf-dist/tex/latex/translations/translations-basic-dictio
nary-english.trsl
File: translations-basic-dictionary-english.trsl (english translation file `tra
nslations-basic-dictionary')
)
Package translations Info: loading dictionary `translations-basic-dictionary' f
or `english'. on input line 111.
Package epstopdf Info: Source file: <Images/02_ING_IND_INFORMAZIONE_COL_POSITIV
O.eps>
(epstopdf)                    date: 2023-04-15 21:18:41
(epstopdf)                    size: 1016894 bytes
(epstopdf)             Output file: <Images/02_ING_IND_INFORMAZIONE_COL_POSITIV
O-eps-converted-to.pdf>
(epstopdf)                    date: 2023-04-15 21:26:31
(epstopdf)                    size: 81901 bytes
(epstopdf)             Command: <repstopdf --outfile=Images/02_ING_IND_INFORMAZ
IONE_COL_POSITIVO-eps-converted-to.pdf Images/02_ING_IND_INFORMAZIONE_COL_POSIT
IVO.eps>
(epstopdf)             \includegraphics on input line 134.
Package epstopdf Info: Output file is already uptodate.
<Images/02_ING_IND_INFORMAZIONE_COL_POSITIVO-eps-converted-to.pdf, id=143, 493.
845pt x 227.85126pt>
File: Images/02_ING_IND_INFORMAZIONE_COL_POSITIVO-eps-converted-to.pdf Graphic 
file (type pdf)
<use Images/02_ING_IND_INFORMAZIONE_COL_POSITIVO-eps-converted-to.pdf>
Package pdftex.def Info: Images/02_ING_IND_INFORMAZIONE_COL_POSITIVO-eps-conver
ted-to.pdf  used on input line 134.
(pdftex.def)             Requested size: 302.73503pt x 150.052pt.
LaTeX Font Info:    Trying to load font information for U+msa on input line 134
.
 (/usr/share/texlive/texmf-dist/tex/latex/amsfonts/umsa.fd
File: umsa.fd 2013/01/14 v3.01 AMS symbols A
)
LaTeX Font Info:    Trying to load font information for U+msb on input line 134
.

(/usr/share/texlive/texmf-dist/tex/latex/amsfonts/umsb.fd
File: umsb.fd 2013/01/14 v3.01 AMS symbols B
)
Package epstopdf Info: Source file: <./Images//./raggiera_polimi.eps>
(epstopdf)                    date: 2023-04-15 21:18:41
(epstopdf)                    size: 1813066 bytes
(epstopdf)             Output file: <./Images//./raggiera_polimi-eps-converted-
to.pdf>
(epstopdf)                    date: 2023-04-15 21:26:32
(epstopdf)                    size: 40454 bytes
(epstopdf)             Command: <repstopdf --outfile=./Images//./raggiera_polim
i-eps-converted-to.pdf ./Images//./raggiera_polimi.eps>
(epstopdf)             \includegraphics on input line 134.
Package epstopdf Info: Output file is already uptodate.
<./Images//./raggiera_polimi-eps-converted-to.pdf, id=145, 502.87875pt x 502.87
875pt>
File: ./Images//./raggiera_polimi-eps-converted-to.pdf Graphic file (type pdf)
<use ./Images//./raggiera_polimi-eps-converted-to.pdf>
Package pdftex.def Info: ./Images//./raggiera_polimi-eps-converted-to.pdf  used
 on input line 134.
(pdftex.def)             Requested size: 418.25368pt x 418.24866pt.
 [1



{/var/lib/texmf/fonts/map/pdftex/updmap/pdftex.map} <./Images/02_ING_IND_INFORM
AZIONE_COL_POSITIVO-eps-converted-to.pdf> <./Images//./raggiera_polimi-eps-conv
erted-to.pdf>]pdfTeX warning (ext4): destination with the same identifier (name
{page.i}) has been already used, duplicate ignored
<to be read again> 
                   \relax 
l.136 \blankpage
                
Package epstopdf Info: Source file: <./Images//./raggiera_polimi.eps>
(epstopdf)                    date: 2023-04-15 21:18:41
(epstopdf)                    size: 1813066 bytes
(epstopdf)             Output file: <./Images//./raggiera_polimi-eps-converted-
to.pdf>
(epstopdf)                    date: 2023-04-15 21:26:32
(epstopdf)                    size: 40454 bytes
(epstopdf)             Command: <repstopdf --outfile=./Images//./raggiera_polim
i-eps-converted-to.pdf ./Images//./raggiera_polimi.eps>
(epstopdf)             \includegraphics on input line 136.
Package epstopdf Info: Output file is already uptodate.
File: ./Images//./raggiera_polimi-eps-converted-to.pdf Graphic file (type pdf)
<use ./Images//./raggiera_polimi-eps-converted-to.pdf>
Package pdftex.def Info: ./Images//./raggiera_polimi-eps-converted-to.pdf  used
 on input line 136.
(pdftex.def)             Requested size: 507.88533pt x 507.88051pt.
 [1]pdfTeX warning (ext4): destination with the same identifier (name{page.i}) 
has been already used, duplicate ignored
<to be read again> 
                   \relax 
l.145 \reallyblankpage
                       [1]
Package epstopdf Info: Source file: <./Images//./raggiera_polimi.eps>
(epstopdf)                    date: 2023-04-15 21:18:41
(epstopdf)                    size: 1813066 bytes
(epstopdf)             Output file: <./Images//./raggiera_polimi-eps-converted-
to.pdf>
(epstopdf)                    date: 2023-04-15 21:26:32
(epstopdf)                    size: 40454 bytes
(epstopdf)             Command: <repstopdf --outfile=./Images//./raggiera_polim
i-eps-converted-to.pdf ./Images//./raggiera_polimi.eps>
(epstopdf)             \includegraphics on input line 149.
Package epstopdf Info: Output file is already uptodate.
File: ./Images//./raggiera_polimi-eps-converted-to.pdf Graphic file (type pdf)
<use ./Images//./raggiera_polimi-eps-converted-to.pdf>
Package pdftex.def Info: ./Images//./raggiera_polimi-eps-converted-to.pdf  used
 on input line 149.
(pdftex.def)             Requested size: 507.88533pt x 507.88051pt.
 [2

]pdfTeX warning (ext4): destination with the same identifier (name{page.i}) has
 been already used, duplicate ignored
<to be read again> 
                   \relax 
l.172 \chapter*{Abstract in lingua italiana}
                                             [1


]pdfTeX warning (ext4): destination with the same identifier (name{page.ii}) ha
s been already used, duplicate ignored
<to be read again> 
                   \relax 
l.172 \chapter*{Abstract in lingua italiana}
                                            
Package epstopdf Info: Source file: <./Images//./raggiera_polimi.eps>
(epstopdf)                    date: 2023-04-15 21:18:41
(epstopdf)                    size: 1813066 bytes
(epstopdf)             Output file: <./Images//./raggiera_polimi-eps-converted-
to.pdf>
(epstopdf)                    date: 2023-04-15 21:26:32
(epstopdf)                    size: 40454 bytes
(epstopdf)             Command: <repstopdf --outfile=./Images//./raggiera_polim
i-eps-converted-to.pdf ./Images//./raggiera_polimi.eps>
(epstopdf)             \includegraphics on input line 172.
Package epstopdf Info: Output file is already uptodate.
File: ./Images//./raggiera_polimi-eps-converted-to.pdf Graphic file (type pdf)
<use ./Images//./raggiera_polimi-eps-converted-to.pdf>
Package pdftex.def Info: ./Images//./raggiera_polimi-eps-converted-to.pdf  used
 on input line 172.
(pdftex.def)             Requested size: 507.88533pt x 507.88051pt.
 [2

]
Underfull \hbox (badness 10000) in paragraph at lines 173--177

 []

[3

]
Package epstopdf Info: Source file: <./Images//./raggiera_polimi.eps>
(epstopdf)                    date: 2023-04-15 21:18:41
(epstopdf)                    size: 1813066 bytes
(epstopdf)             Output file: <./Images//./raggiera_polimi-eps-converted-
to.pdf>
(epstopdf)                    date: 2023-04-15 21:26:32
(epstopdf)                    size: 40454 bytes
(epstopdf)             Command: <repstopdf --outfile=./Images//./raggiera_polim
i-eps-converted-to.pdf ./Images//./raggiera_polimi.eps>
(epstopdf)             \includegraphics on input line 184.
Package epstopdf Info: Output file is already uptodate.
File: ./Images//./raggiera_polimi-eps-converted-to.pdf Graphic file (type pdf)
<use ./Images//./raggiera_polimi-eps-converted-to.pdf>
Package pdftex.def Info: ./Images//./raggiera_polimi-eps-converted-to.pdf  used
 on input line 184.
(pdftex.def)             Requested size: 507.88533pt x 507.88051pt.
 [4

] (./Thesis.toc [5

])
\tf@toc=\write5
\openout5 = `Thesis.toc'.

 [6]
Chapter 1.
(./introduction.tex [1




] [2] [3] [4] [5]) [6] [7]
Package epstopdf Info: Source file: <./Images//./raggiera_polimi.eps>
(epstopdf)                    date: 2023-04-15 21:18:41
(epstopdf)                    size: 1813066 bytes
(epstopdf)             Output file: <./Images//./raggiera_polimi-eps-converted-
to.pdf>
(epstopdf)                    date: 2023-04-15 21:26:32
(epstopdf)                    size: 40454 bytes
(epstopdf)             Command: <repstopdf --outfile=./Images//./raggiera_polim
i-eps-converted-to.pdf ./Images//./raggiera_polimi.eps>
(epstopdf)             \includegraphics on input line 218.
Package epstopdf Info: Output file is already uptodate.
File: ./Images//./raggiera_polimi-eps-converted-to.pdf Graphic file (type pdf)
<use ./Images//./raggiera_polimi-eps-converted-to.pdf>
Package pdftex.def Info: ./Images//./raggiera_polimi-eps-converted-to.pdf  used
 on input line 218.
(pdftex.def)             Requested size: 507.88533pt x 507.88051pt.
 [8

]
Chapter 2.
(./lattice_am_metals.tex
<Images/PBF.jpg, id=320, 215.1293pt x 142.18703pt>
File: Images/PBF.jpg Graphic file (type jpg)
<use Images/PBF.jpg>
Package pdftex.def Info: Images/PBF.jpg  used on input line 7.
(pdftex.def)             Requested size: 279.66805pt x 184.84311pt.
<Images/laser2.png, id=323, 474.8139pt x 233.9139pt>
File: Images/laser2.png Graphic file (type png)
<use Images/laser2.png>
Package pdftex.def Info: Images/laser2.png  used on input line 16.
(pdftex.def)             Requested size: 237.40637pt x 116.95665pt.
 [9

 <./Images/PBF.jpg>] [10 <./Images/laser2.png>]
<Images/galvanometro.png, id=343, 770.88pt x 410.2828pt>
File: Images/galvanometro.png Graphic file (type png)
<use Images/galvanometro.png>
Package pdftex.def Info: Images/galvanometro.png  used on input line 24.
(pdftex.def)             Requested size: 385.43906pt x 205.1409pt.

[11 <./Images/galvanometro.png (PNG copy)>]
<Images/wateratom.png, id=355, 310.91156pt x 222.07968pt>
File: Images/wateratom.png Graphic file (type png)
<use Images/wateratom.png>
Package pdftex.def Info: Images/wateratom.png  used on input line 81.
(pdftex.def)             Requested size: 186.54836pt x 133.24883pt.
<Images/gasatom.png, id=356, 260.47313pt x 228.10219pt>
File: Images/gasatom.png Graphic file (type png)
<use Images/gasatom.png>
Package pdftex.def Info: Images/gasatom.png  used on input line 85.
(pdftex.def)             Requested size: 156.28508pt x 136.86235pt.
<Images/plasma.png, id=357, 359.3425pt x 422.57875pt>
File: Images/plasma.png Graphic file (type png)
<use Images/plasma.png>
Package pdftex.def Info: Images/plasma.png  used on input line 89.
(pdftex.def)             Requested size: 143.73445pt x 169.0285pt.
<Images/repatom.png, id=358, 266.49562pt x 171.64125pt>
File: Images/repatom.png Graphic file (type png)
<use Images/repatom.png>
Package pdftex.def Info: Images/repatom.png  used on input line 93.
(pdftex.def)             Requested size: 186.54565pt x 120.14804pt.
 [12] [13 <./Images/wateratom.png> <./Images/gasatom.png> <./Images/plasma.png>
 <./Images/repatom.png>]
<Images/waterpow.png, id=387, 687.06688pt x 453.19313pt>
File: Images/waterpow.png Graphic file (type png)
<use Images/waterpow.png>
Package pdftex.def Info: Images/waterpow.png  used on input line 109.
(pdftex.def)             Requested size: 151.15518pt x 99.70279pt.
<Images/gaspowd.png, id=388, 705.63625pt x 474.77374pt>
File: Images/gaspowd.png Graphic file (type png)
<use Images/gaspowd.png>
Package pdftex.def Info: Images/gaspowd.png  used on input line 113.
(pdftex.def)             Requested size: 148.18797pt x 99.70543pt.
<Images/plasmapowder.png, id=389, 703.62875pt x 482.80376pt>
File: Images/plasmapowder.png Graphic file (type png)
<use Images/plasmapowder.png>
Package pdftex.def Info: Images/plasmapowder.png  used on input line 117.
(pdftex.def)             Requested size: 154.7988pt x 106.21715pt.
<Images/erppowder.png, id=390, 730.73pt x 502.87875pt>
File: Images/erppowder.png Graphic file (type png)
<use Images/erppowder.png>
Package pdftex.def Info: Images/erppowder.png  used on input line 121.
(pdftex.def)             Requested size: 153.45782pt x 105.60765pt.
 [14]
<Images/dragonfly-gf80b992d6_1280.jpg, id=400, 1284.8pt x 856.19875pt>
File: Images/dragonfly-gf80b992d6_1280.jpg Graphic file (type jpg)
<use Images/dragonfly-gf80b992d6_1280.jpg>
Package pdftex.def Info: Images/dragonfly-gf80b992d6_1280.jpg  used on input li
ne 132.
(pdftex.def)             Requested size: 204.85846pt x 136.5112pt.

[15 <./Images/waterpow.png> <./Images/gaspowd.png> <./Images/plasmapowder.png> 
<./Images/erppowder.png>]
<Images/honey-bees-337695_1280.jpg, id=418, 1284.8pt x 857.2025pt>
File: Images/honey-bees-337695_1280.jpg Graphic file (type jpg)
<use Images/honey-bees-337695_1280.jpg>
Package pdftex.def Info: Images/honey-bees-337695_1280.jpg  used on input line 
142.
(pdftex.def)             Requested size: 192.71169pt x 128.57483pt.
<Images/lattice1b.jpg, id=419, 1037.8775pt x 690.58pt>
File: Images/lattice1b.jpg Graphic file (type jpg)
<use Images/lattice1b.jpg>
Package pdftex.def Info: Images/lattice1b.jpg  used on input line 146.
(pdftex.def)             Requested size: 193.04956pt x 128.45076pt.
 [16 <./Images/dragonfly-gf80b992d6_1280.jpg>]
<Images/tucano.png, id=435, 335.75438pt x 268.50313pt>
File: Images/tucano.png Graphic file (type png)
<use Images/tucano.png>
Package pdftex.def Info: Images/tucano.png  used on input line 161.
(pdftex.def)             Requested size: 134.29936pt x 107.39934pt.
<Images/leaf.png, id=436, 322.70563pt x 268.50313pt>
File: Images/leaf.png Graphic file (type png)
<use Images/leaf.png>
Package pdftex.def Info: Images/leaf.png  used on input line 165.
(pdftex.def)             Requested size: 129.07996pt x 107.39934pt.
<Images/pomelo.png, id=437, 353.32pt x 241.90375pt>
File: Images/pomelo.png Graphic file (type png)
<use Images/pomelo.png>
Package pdftex.def Info: Images/pomelo.png  used on input line 169.
(pdftex.def)             Requested size: 141.32549pt x 96.75978pt.
<Images/edgehog.png, id=438, 239.89626pt x 257.96375pt>
File: Images/edgehog.png Graphic file (type png)
<use Images/edgehog.png>
Package pdftex.def Info: Images/edgehog.png  used on input line 173.
(pdftex.def)             Requested size: 95.95679pt x 103.18365pt.
<Images/banano.png, id=439, 256.96pt x 249.93375pt>
File: Images/banano.png Graphic file (type png)
<use Images/banano.png>
Package pdftex.def Info: Images/banano.png  used on input line 177.
(pdftex.def)             Requested size: 102.78217pt x 99.97173pt.

[17 <./Images/honey-bees-337695_1280.jpg> <./Images/lattice1b.jpg>] [18 <./Imag
es/tucano.png> <./Images/leaf.png> <./Images/pomelo.png> <./Images/edgehog.png>
 <./Images/banano.png>]) [19]
Package epstopdf Info: Source file: <./Images//logo_polimi_scritta.eps>
(epstopdf)                    date: 2023-04-15 21:18:41
(epstopdf)                    size: 851182 bytes
(epstopdf)             Output file: <./Images//logo_polimi_scritta-eps-converte
d-to.pdf>
(epstopdf)                    date: 2023-04-15 21:26:34
(epstopdf)                    size: 59574 bytes
(epstopdf)             Command: <repstopdf --outfile=./Images//logo_polimi_scri
tta-eps-converted-to.pdf ./Images//logo_polimi_scritta.eps>
(epstopdf)             \includegraphics on input line 307.
Package epstopdf Info: Output file is already uptodate.
<./Images//logo_polimi_scritta-eps-converted-to.pdf, id=493, 313.17pt x 243.911
25pt>
File: ./Images//logo_polimi_scritta-eps-converted-to.pdf Graphic file (type pdf
)
<use ./Images//logo_polimi_scritta-eps-converted-to.pdf>
Package pdftex.def Info: ./Images//logo_polimi_scritta-eps-converted-to.pdf  us
ed on input line 307.
(pdftex.def)             Requested size: 136.57462pt x 106.37222pt.
 [20 <./Images//logo_polimi_scritta-eps-converted-to.pdf>]
Package epstopdf Info: Source file: <Images/logo_polimi_scritta.eps>
(epstopdf)                    date: 2023-04-15 21:18:41
(epstopdf)                    size: 851182 bytes
(epstopdf)             Output file: <Images/logo_polimi_scritta-eps-converted-t
o.pdf>
(epstopdf)                    date: 2023-04-15 21:26:34
(epstopdf)                    size: 59574 bytes
(epstopdf)             Command: <repstopdf --outfile=Images/logo_polimi_scritta
-eps-converted-to.pdf Images/logo_polimi_scritta.eps>
(epstopdf)             \includegraphics on input line 319.
Package epstopdf Info: Output file is already uptodate.
<Images/logo_polimi_scritta-eps-converted-to.pdf, id=512, 313.17pt x 243.91125p
t>
File: Images/logo_polimi_scritta-eps-converted-to.pdf Graphic file (type pdf)
<use Images/logo_polimi_scritta-eps-converted-to.pdf>
Package pdftex.def Info: Images/logo_polimi_scritta-eps-converted-to.pdf  used 
on input line 319.
(pdftex.def)             Requested size: 156.58461pt x 121.95532pt.
Package epstopdf Info: Source file: <Images/logo_polimi_scritta2.eps>
(epstopdf)                    date: 2023-04-15 21:18:41
(epstopdf)                    size: 754430 bytes
(epstopdf)             Output file: <Images/logo_polimi_scritta2-eps-converted-
to.pdf>
(epstopdf)                    date: 2023-04-15 21:26:35
(epstopdf)                    size: 61674 bytes
(epstopdf)             Command: <repstopdf --outfile=Images/logo_polimi_scritta
2-eps-converted-to.pdf Images/logo_polimi_scritta2.eps>
(epstopdf)             \includegraphics on input line 323.
Package epstopdf Info: Output file is already uptodate.
<Images/logo_polimi_scritta2-eps-converted-to.pdf, id=513, 342.27875pt x 100.37
5pt>
File: Images/logo_polimi_scritta2-eps-converted-to.pdf Graphic file (type pdf)
<use Images/logo_polimi_scritta2-eps-converted-to.pdf>
Package pdftex.def Info: Images/logo_polimi_scritta2-eps-converted-to.pdf  used
 on input line 323.
(pdftex.def)             Requested size: 171.13895pt x 50.18736pt.

Overfull \hbox (24.04044pt too wide) in paragraph at lines 356--367
 [][] 
 []

[21 <./Images/logo_polimi_scritta-eps-converted-to.pdf> <./Images/logo_polimi_s
critta2-eps-converted-to.pdf>]
Overfull \hbox (21.64047pt too wide) in paragraph at lines 374--388
 [][] 
 []

Package hyperref Info: bookmark level for unknown algorithm defaults to 0 on in
put line 400.
[22]
Package hyperref Info: bookmark level for unknown theorem defaults to 0 on inpu
t line 425.
Package hyperref Info: bookmark level for unknown proposition defaults to 0 on 
input line 433.
 [23] [24]
Chapter 3.
(./Thesis.bbl [25


]
Package epstopdf Info: Source file: <./Images//./raggiera_polimi.eps>
(epstopdf)                    date: 2023-04-15 21:18:41
(epstopdf)                    size: 1813066 bytes
(epstopdf)             Output file: <./Images//./raggiera_polimi-eps-converted-
to.pdf>
(epstopdf)                    date: 2023-04-15 21:26:32
(epstopdf)                    size: 40454 bytes
(epstopdf)             Command: <repstopdf --outfile=./Images//./raggiera_polim
i-eps-converted-to.pdf ./Images//./raggiera_polimi.eps>
(epstopdf)             \includegraphics on input line 1.
Package epstopdf Info: Output file is already uptodate.
File: ./Images//./raggiera_polimi-eps-converted-to.pdf Graphic file (type pdf)
<use ./Images//./raggiera_polimi-eps-converted-to.pdf>
Package pdftex.def Info: ./Images//./raggiera_polimi-eps-converted-to.pdf  used
 on input line 1.
(pdftex.def)             Requested size: 507.88533pt x 507.88051pt.
 [26

]
Underfull \hbox (badness 1845) in paragraph at lines 65--76
[]\T1/cmr/m/n/12 Turul zel, Aya Al-tay, Bil-gin Kaf-tanolu, Richard Leach, 
Nicola Senin,
 []


Underfull \hbox (badness 2073) in paragraph at lines 65--76
\T1/cmr/m/n/12 Tex-ture Pa-ram-e-ters Us-ing Ma-chine Learn-ing in Laser Pow-de
r Bed Fu-sion.
 []


Underfull \hbox (badness 2818) in paragraph at lines 65--76
\T1/cmr/m/it/12 Jour-nal of Man-u-fac-tur-ing Sci-ence and En-gi-neer-ing\T1/cm
r/m/n/12 , 142(1):011008, Jan-uary
 []


Underfull \hbox (badness 10000) in paragraph at lines 65--76
\T1/cmtt/m/n/12 / / asmedigitalcollection . asme . org / manufacturingscience /
 article / doi / 10 .
 []

[27

] [28]) [29]
Package epstopdf Info: Source file: <./Images//./raggiera_polimi.eps>
(epstopdf)                    date: 2023-04-15 21:18:41
(epstopdf)                    size: 1813066 bytes
(epstopdf)             Output file: <./Images//./raggiera_polimi-eps-converted-
to.pdf>
(epstopdf)                    date: 2023-04-15 21:26:32
(epstopdf)                    size: 40454 bytes
(epstopdf)             Command: <repstopdf --outfile=./Images//./raggiera_polim
i-eps-converted-to.pdf ./Images//./raggiera_polimi.eps>
(epstopdf)             \includegraphics on input line 493.
Package epstopdf Info: Output file is already uptodate.
File: ./Images//./raggiera_polimi-eps-converted-to.pdf Graphic file (type pdf)
<use ./Images//./raggiera_polimi-eps-converted-to.pdf>
Package pdftex.def Info: ./Images//./raggiera_polimi-eps-converted-to.pdf  used
 on input line 493.
(pdftex.def)             Requested size: 507.88533pt x 507.88051pt.
 [30

]
Appendix A.
[31


]
Package epstopdf Info: Source file: <./Images//./raggiera_polimi.eps>
(epstopdf)                    date: 2023-04-15 21:18:41
(epstopdf)                    size: 1813066 bytes
(epstopdf)             Output file: <./Images//./raggiera_polimi-eps-converted-
to.pdf>
(epstopdf)                    date: 2023-04-15 21:26:32
(epstopdf)                    size: 40454 bytes
(epstopdf)             Command: <repstopdf --outfile=./Images//./raggiera_polim
i-eps-converted-to.pdf ./Images//./raggiera_polimi.eps>
(epstopdf)             \includegraphics on input line 501.
Package epstopdf Info: Output file is already uptodate.
File: ./Images//./raggiera_polimi-eps-converted-to.pdf Graphic file (type pdf)
<use ./Images//./raggiera_polimi-eps-converted-to.pdf>
Package pdftex.def Info: ./Images//./raggiera_polimi-eps-converted-to.pdf  used
 on input line 501.
(pdftex.def)             Requested size: 507.88533pt x 507.88051pt.
 [32

]
Appendix B.
[33

]
Package epstopdf Info: Source file: <./Images//./raggiera_polimi.eps>
(epstopdf)                    date: 2023-04-15 21:18:41
(epstopdf)                    size: 1813066 bytes
(epstopdf)             Output file: <./Images//./raggiera_polimi-eps-converted-
to.pdf>
(epstopdf)                    date: 2023-04-15 21:26:32
(epstopdf)                    size: 40454 bytes
(epstopdf)             Command: <repstopdf --outfile=./Images//./raggiera_polim
i-eps-converted-to.pdf ./Images//./raggiera_polimi.eps>
(epstopdf)             \includegraphics on input line 506.
Package epstopdf Info: Output file is already uptodate.
File: ./Images//./raggiera_polimi-eps-converted-to.pdf Graphic file (type pdf)
<use ./Images//./raggiera_polimi-eps-converted-to.pdf>
Package pdftex.def Info: ./Images//./raggiera_polimi-eps-converted-to.pdf  used
 on input line 506.
(pdftex.def)             Requested size: 507.88533pt x 507.88051pt.
 [34

] (./Thesis.lof)
\tf@lof=\write6
\openout6 = `Thesis.lof'.

 [35

]
Package epstopdf Info: Source file: <./Images//./raggiera_polimi.eps>
(epstopdf)                    date: 2023-04-15 21:18:41
(epstopdf)                    size: 1813066 bytes
(epstopdf)             Output file: <./Images//./raggiera_polimi-eps-converted-
to.pdf>
(epstopdf)                    date: 2023-04-15 21:26:32
(epstopdf)                    size: 40454 bytes
(epstopdf)             Command: <repstopdf --outfile=./Images//./raggiera_polim
i-eps-converted-to.pdf ./Images//./raggiera_polimi.eps>
(epstopdf)             \includegraphics on input line 509.
Package epstopdf Info: Output file is already uptodate.
File: ./Images//./raggiera_polimi-eps-converted-to.pdf Graphic file (type pdf)
<use ./Images//./raggiera_polimi-eps-converted-to.pdf>
Package pdftex.def Info: ./Images//./raggiera_polimi-eps-converted-to.pdf  used
 on input line 509.
(pdftex.def)             Requested size: 507.88533pt x 507.88051pt.
 [36

] (./Thesis.lot)
\tf@lot=\write7
\openout7 = `Thesis.lot'.

 [37

]
Package epstopdf Info: Source file: <./Images//./raggiera_polimi.eps>
(epstopdf)                    date: 2023-04-15 21:18:41
(epstopdf)                    size: 1813066 bytes
(epstopdf)             Output file: <./Images//./raggiera_polimi-eps-converted-
to.pdf>
(epstopdf)                    date: 2023-04-15 21:26:32
(epstopdf)                    size: 40454 bytes
(epstopdf)             Command: <repstopdf --outfile=./Images//./raggiera_polim
i-eps-converted-to.pdf ./Images//./raggiera_polimi.eps>
(epstopdf)             \includegraphics on input line 513.
Package epstopdf Info: Output file is already uptodate.
File: ./Images//./raggiera_polimi-eps-converted-to.pdf Graphic file (type pdf)
<use ./Images//./raggiera_polimi-eps-converted-to.pdf>
Package pdftex.def Info: ./Images//./raggiera_polimi-eps-converted-to.pdf  used
 on input line 513.
(pdftex.def)             Requested size: 507.88533pt x 507.88051pt.
 [38

] [39

]
Package epstopdf Info: Source file: <./Images//./raggiera_polimi.eps>
(epstopdf)                    date: 2023-04-15 21:18:41
(epstopdf)                    size: 1813066 bytes
(epstopdf)             Output file: <./Images//./raggiera_polimi-eps-converted-
to.pdf>
(epstopdf)                    date: 2023-04-15 21:26:32
(epstopdf)                    size: 40454 bytes
(epstopdf)             Command: <repstopdf --outfile=./Images//./raggiera_polim
i-eps-converted-to.pdf ./Images//./raggiera_polimi.eps>
(epstopdf)             \includegraphics on input line 524.
Package epstopdf Info: Output file is already uptodate.
File: ./Images//./raggiera_polimi-eps-converted-to.pdf Graphic file (type pdf)
<use ./Images//./raggiera_polimi-eps-converted-to.pdf>
Package pdftex.def Info: ./Images//./raggiera_polimi-eps-converted-to.pdf  used
 on input line 524.
(pdftex.def)             Requested size: 507.88533pt x 507.88051pt.
 [40

] [41

]
Package epstopdf Info: Source file: <./Images//./raggiera_polimi.eps>
(epstopdf)                    date: 2023-04-15 21:18:41
(epstopdf)                    size: 1813066 bytes
(epstopdf)             Output file: <./Images//./raggiera_polimi-eps-converted-
to.pdf>
(epstopdf)                    date: 2023-04-15 21:26:32
(epstopdf)                    size: 40454 bytes
(epstopdf)             Command: <repstopdf --outfile=./Images//./raggiera_polim
i-eps-converted-to.pdf ./Images//./raggiera_polimi.eps>
(epstopdf)             \includegraphics on input line 527.
Package epstopdf Info: Output file is already uptodate.
File: ./Images//./raggiera_polimi-eps-converted-to.pdf Graphic file (type pdf)
<use ./Images//./raggiera_polimi-eps-converted-to.pdf>
Package pdftex.def Info: ./Images//./raggiera_polimi-eps-converted-to.pdf  used
 on input line 527.
(pdftex.def)             Requested size: 507.88533pt x 507.88051pt.

[42

] (./Thesis.aux)
Package rerunfilecheck Info: File `Thesis.out' has not changed.
(rerunfilecheck)             Checksum: 239D2F2183C94EBC251A674D07FE124F;5839.
 ) 
Here is how much of TeX's memory you used:
 33722 strings out of 480129
 674049 string characters out of 5893409
 1008117 words of memory out of 5000000
 50883 multiletter control sequences out of 15000+600000
 489374 words of font info for 74 fonts, out of 8000000 for 9000
 81 hyphenation exceptions out of 8191
 84i,18n,89p,2061b,967s stack positions out of 5000i,500n,10000p,200000b,80000s
 </home/federico/.texlive2021/texmf-var/fonts/pk/ljfour/jknappen/ec/ectt1200.
600pk> </home/federico/.texlive2021/texmf-var/fonts/pk/ljfour/jknappen/ec/ecbx1
200.720pk> </home/federico/.texlive2021/texmf-var/fonts/pk/ljfour/jknappen/ec/e
crm1000.600pk> </home/federico/.texlive2021/texmf-var/fonts/pk/ljfour/jknappen/
ec/ecrm0800.600pk> </home/federico/.texlive2021/texmf-var/fonts/pk/ljfour/jknap
pen/ec/tcrm1200.600pk> </home/federico/.texlive2021/texmf-var/fonts/pk/ljfour/j
knappen/ec/ecbx1200.2500pk> </home/federico/.texlive2021/texmf-var/fonts/pk/ljf
our/jknappen/ec/ecbx1200.600pk> </home/federico/.texlive2021/texmf-var/fonts/pk
/ljfour/jknappen/ec/ecti1200.600pk> </home/federico/.texlive2021/texmf-var/font
s/pk/ljfour/jknappen/ec/ecrm1200.600pk> </home/federico/.texlive2021/texmf-var/
fonts/pk/ljfour/jknappen/ec/ecbx1200.864pk> </home/federico/.texlive2021/texmf-
var/fonts/pk/ljfour/jknappen/ec/ecrm1728.600pk> </home/federico/.texlive2021/te
xmf-var/fonts/pk/ljfour/jknappen/ec/ecxc1200.720pk> </home/federico/.texlive202
1/texmf-var/fonts/pk/ljfour/jknappen/ec/ecbx1200.1244pk></usr/share/texlive/tex
mf-dist/fonts/type1/public/amsfonts/cm/cmbx12.pfb></usr/share/texlive/texmf-dis
t/fonts/type1/public/amsfonts/cm/cmex10.pfb></usr/share/texlive/texmf-dist/font
s/type1/public/amsfonts/cm/cmmi12.pfb></usr/share/texlive/texmf-dist/fonts/type
1/public/amsfonts/cm/cmmi8.pfb></usr/share/texlive/texmf-dist/fonts/type1/publi
c/amsfonts/cm/cmmib10.pfb></usr/share/texlive/texmf-dist/fonts/type1/public/ams
fonts/cm/cmr12.pfb></usr/share/texlive/texmf-dist/fonts/type1/public/amsfonts/c
m/cmr8.pfb></usr/share/texlive/texmf-dist/fonts/type1/public/amsfonts/cm/cmsy10
.pfb></usr/share/texlive/texmf-dist/fonts/type1/public/amsfonts/cm/cmsy8.pfb>
Output written on Thesis.pdf (52 pages, 8153623 bytes).
PDF statistics:
 1280 PDF objects out of 1440 (max. 8388607)
 691 compressed objects within 7 object streams
 188 named destinations out of 1000 (max. 500000)
 411 words of extra memory for PDF output out of 10000 (max. 10000000)

